<?xml version="1.0" encoding="UTF-8"?>
<testng-results skipped="0" failed="0" ignored="0" total="1" passed="1">
  <reporter-output>
  </reporter-output>
  <suite name="Default suite" duration-ms="5871" started-at="2024-09-15T12:58:11Z" finished-at="2024-09-15T12:58:17Z">
    <groups>
    </groups>
    <test name="Default test" duration-ms="5871" started-at="2024-09-15T12:58:11Z" finished-at="2024-09-15T12:58:17Z">
      <class name="TestCases.testGoogleHomePage">
        <test-method status="PASS" signature="getDriver()[pri:0, instance:TestCases.testGoogleHomePage@73846619]" name="getDriver" is-config="true" duration-ms="3549" started-at="2024-09-15T18:28:11Z" finished-at="2024-09-15T18:28:15Z">
          <reporter-output>
          </reporter-output>
        </test-method> <!-- getDriver -->
        <test-method status="PASS" signature="goToGoogle()[pri:0, instance:TestCases.testGoogleHomePage@73846619]" name="goToGoogle" duration-ms="1636" started-at="2024-09-15T18:28:15Z" finished-at="2024-09-15T18:28:16Z">
          <reporter-output>
          </reporter-output>
        </test-method> <!-- goToGoogle -->
        <test-method status="PASS" signature="closeDriver()[pri:0, instance:TestCases.testGoogleHomePage@73846619]" name="closeDriver" is-config="true" duration-ms="663" started-at="2024-09-15T18:28:16Z" finished-at="2024-09-15T18:28:17Z">
          <reporter-output>
          </reporter-output>
        </test-method> <!-- closeDriver -->
      </class> <!-- TestCases.testGoogleHomePage -->
    </test> <!-- Default test -->
  </suite> <!-- Default suite -->
</testng-results>
